<?xml version="1.0" encoding="UTF-8"?>
<!-- Generated by org.testng.reporters.JUnitXMLReporter -->
<testsuite hostname="Temi-PC" ignored="0" name="Hub App Test on chrome" tests="4" failures="0" timestamp="22 May 2020 18:22:48 GMT" time="85.988" errors="0">
  <testcase name="verifyLogingPageTitleTest" time="0.067" classname="com.qa.hub.Test.LoginPageTest"/>
  <testcase name="homePageTitleTest" time="8.85" classname="com.qa.hub.Test.HomePageTest"/>
  <testcase name="loginTest" time="8.141" classname="com.qa.hub.Test.LoginPageTest"/>
  <testcase name="verifyHomePageHeaderTest" time="7.313" classname="com.qa.hub.Test.HomePageTest"/>
</testsuite> <!-- Hub App Test on chrome -->
