<?xml version="1.0" encoding="UTF-8"?>
<testng-results skipped="0" failed="0" ignored="0" total="4" passed="4">
  <reporter-output>
  </reporter-output>
  <suite name="Hub Test Automation Suite" duration-ms="85988" started-at="2020-05-22T18:21:22Z" finished-at="2020-05-22T18:22:48Z">
    <groups>
    </groups>
    <test name="Hub App Test on chrome" duration-ms="85988" started-at="2020-05-22T18:21:22Z" finished-at="2020-05-22T18:22:48Z">
      <class name="com.qa.hub.Test.HomePageTest">
        <test-method status="PASS" signature="setUp()[pri:0, instance:com.qa.hub.Test.HomePageTest@8bd1b6a]" name="setUp" is-config="true" duration-ms="11069" started-at="2020-05-22T18:21:48Z" finished-at="2020-05-22T18:22:00Z">
          <reporter-output>
          </reporter-output>
        </test-method> <!-- setUp -->
        <test-method status="PASS" signature="homePageTitleTest()[pri:1, instance:com.qa.hub.Test.HomePageTest@8bd1b6a]" name="homePageTitleTest" duration-ms="8850" started-at="2020-05-22T18:22:00Z" finished-at="2020-05-22T18:22:08Z">
          <reporter-output>
          </reporter-output>
        </test-method> <!-- homePageTitleTest -->
        <test-method status="PASS" signature="tearDown()[pri:0, instance:com.qa.hub.Test.HomePageTest@8bd1b6a]" name="tearDown" is-config="true" duration-ms="908" started-at="2020-05-22T18:22:08Z" finished-at="2020-05-22T18:22:09Z">
          <reporter-output>
          </reporter-output>
        </test-method> <!-- tearDown -->
        <test-method status="PASS" signature="setUp()[pri:0, instance:com.qa.hub.Test.HomePageTest@8bd1b6a]" name="setUp" is-config="true" duration-ms="10492" started-at="2020-05-22T18:22:29Z" finished-at="2020-05-22T18:22:39Z">
          <reporter-output>
          </reporter-output>
        </test-method> <!-- setUp -->
        <test-method status="PASS" signature="verifyHomePageHeaderTest()[pri:2, instance:com.qa.hub.Test.HomePageTest@8bd1b6a]" name="verifyHomePageHeaderTest" duration-ms="7313" started-at="2020-05-22T18:22:39Z" finished-at="2020-05-22T18:22:47Z">
          <reporter-output>
          </reporter-output>
        </test-method> <!-- verifyHomePageHeaderTest -->
        <test-method status="PASS" signature="tearDown()[pri:0, instance:com.qa.hub.Test.HomePageTest@8bd1b6a]" name="tearDown" is-config="true" duration-ms="912" started-at="2020-05-22T18:22:47Z" finished-at="2020-05-22T18:22:48Z">
          <reporter-output>
          </reporter-output>
        </test-method> <!-- tearDown -->
      </class> <!-- com.qa.hub.Test.HomePageTest -->
      <class name="com.qa.hub.Test.LoginPageTest">
        <test-method status="PASS" signature="setUp()[pri:0, instance:com.qa.hub.Test.LoginPageTest@55f3ddb1]" name="setUp" is-config="true" duration-ms="25828" started-at="2020-05-22T18:21:22Z" finished-at="2020-05-22T18:21:48Z">
          <reporter-output>
          </reporter-output>
        </test-method> <!-- setUp -->
        <test-method status="PASS" signature="verifyLogingPageTitleTest()[pri:1, instance:com.qa.hub.Test.LoginPageTest@55f3ddb1]" name="verifyLogingPageTitleTest" duration-ms="67" started-at="2020-05-22T18:21:48Z" finished-at="2020-05-22T18:21:48Z">
          <reporter-output>
          </reporter-output>
        </test-method> <!-- verifyLogingPageTitleTest -->
        <test-method status="PASS" signature="tearDown()[pri:0, instance:com.qa.hub.Test.LoginPageTest@55f3ddb1]" name="tearDown" is-config="true" duration-ms="870" started-at="2020-05-22T18:21:48Z" finished-at="2020-05-22T18:21:48Z">
          <reporter-output>
          </reporter-output>
        </test-method> <!-- tearDown -->
        <test-method status="PASS" signature="setUp()[pri:0, instance:com.qa.hub.Test.LoginPageTest@55f3ddb1]" name="setUp" is-config="true" duration-ms="10460" started-at="2020-05-22T18:22:09Z" finished-at="2020-05-22T18:22:20Z">
          <reporter-output>
          </reporter-output>
        </test-method> <!-- setUp -->
        <test-method status="PASS" signature="loginTest()[pri:2, instance:com.qa.hub.Test.LoginPageTest@55f3ddb1]" name="loginTest" duration-ms="8141" started-at="2020-05-22T18:22:20Z" finished-at="2020-05-22T18:22:28Z">
          <reporter-output>
          </reporter-output>
        </test-method> <!-- loginTest -->
        <test-method status="PASS" signature="tearDown()[pri:0, instance:com.qa.hub.Test.LoginPageTest@55f3ddb1]" name="tearDown" is-config="true" duration-ms="989" started-at="2020-05-22T18:22:28Z" finished-at="2020-05-22T18:22:29Z">
          <reporter-output>
          </reporter-output>
        </test-method> <!-- tearDown -->
      </class> <!-- com.qa.hub.Test.LoginPageTest -->
    </test> <!-- Hub App Test on chrome -->
  </suite> <!-- Hub Test Automation Suite -->
</testng-results>
